Arguments: 
  /Users/j/.nvm/versions/node/v13.10.1/bin/node /Users/j/.nvm/versions/node/v13.10.1/bin/yarn add @type/node

PATH: 
  /Users/j/.nvm/versions/node/v13.10.1/bin:/usr/local/opt/php@7.2/sbin:/usr/local/opt/php@7.2/bin:/usr/local/bin:/usr/bin:/bin:/usr/sbin:/sbin:/Applications/VMware Fusion.app/Contents/Public:/Users/j/.nvm/versions/node/v13.10.1/bin:/usr/local/opt/php@7.2/sbin:/usr/local/opt/php@7.2/bin:/Users/j/.composer/vendor/bin:/Users/j/.composer/vendor/bin

Yarn version: 
  1.22.0

Node version: 
  13.10.1

Platform: 
  darwin x64

Trace: 
  Error: https://registry.yarnpkg.com/@type%2fnode: Not found
      at Request.params.callback [as _callback] (/Users/j/.nvm/versions/node/v13.10.1/lib/node_modules/yarn/lib/cli.js:66975:18)
      at Request.self.callback (/Users/j/.nvm/versions/node/v13.10.1/lib/node_modules/yarn/lib/cli.js:140727:22)
      at Request.emit (events.js:316:20)
      at Request.<anonymous> (/Users/j/.nvm/versions/node/v13.10.1/lib/node_modules/yarn/lib/cli.js:141699:10)
      at Request.emit (events.js:316:20)
      at IncomingMessage.<anonymous> (/Users/j/.nvm/versions/node/v13.10.1/lib/node_modules/yarn/lib/cli.js:141621:12)
      at Object.onceWrapper (events.js:422:28)
      at IncomingMessage.emit (events.js:328:22)
      at endReadableNT (_stream_readable.js:1201:12)
      at processTicksAndRejections (internal/process/task_queues.js:84:21)

npm manifest: 
  {
    "name": "typescript.toy",
    "version": "1.0.0",
    "main": "index.js",
    "repository": "https://github.com/world-one/typescript.toy",
    "author": "world-one",
    "license": "MIT",
    "dependencies": {
      "typescript": "^4.3.5"
    },
    "scripts": {
      "toJs": "tsc types/index.ts"
    }
  }

yarn manifest: 
  No manifest

Lockfile: 
  # THIS IS AN AUTOGENERATED FILE. DO NOT EDIT THIS FILE DIRECTLY.
  # yarn lockfile v1
  
  
  typescript@^4.3.5:
    version "4.3.5"
    resolved "https://registry.yarnpkg.com/typescript/-/typescript-4.3.5.tgz#4d1c37cc16e893973c45a06886b7113234f119f4"
    integrity sha512-DqQgihaQ9cUrskJo9kIyW/+g0Vxsk8cDtZ52a3NGh0YNTfpUSArXSohyUGnvbPazEPLu398C0UxmKSOrPumUzA==
